<?xml version="1.0" encoding="UTF-8"?>
<testng-results skipped="0" failed="0" total="4" passed="4">
  <reporter-output>
  </reporter-output>
  <suite name="Department Loan" duration-ms="54" started-at="2020-12-03T12:59:59Z" finished-at="2020-12-03T12:59:59Z">
    <groups>
    </groups>
    <test name="Car Loan" duration-ms="54" started-at="2020-12-03T12:59:59Z" finished-at="2020-12-03T12:59:59Z">
      <class name="test.Day1">
        <test-method status="PASS" signature="bikeloan()[pri:0, instance:test.Day1@2344fc66]" name="bikeloan" duration-ms="12" started-at="2020-12-03T18:29:59Z" finished-at="2020-12-03T18:29:59Z">
          <reporter-output>
          </reporter-output>
        </test-method> <!-- bikeloan -->
        <test-method status="PASS" signature="Afterall()[pri:0, instance:test.Day1@2344fc66]" name="Afterall" is-config="true" duration-ms="2" started-at="2020-12-03T18:29:59Z" finished-at="2020-12-03T18:29:59Z">
          <reporter-output>
          </reporter-output>
        </test-method> <!-- Afterall -->
      </class> <!-- test.Day1 -->
      <class name="test.Day2">
        <test-method status="PASS" signature="homeloan()[pri:0, instance:test.Day2@50c87b21]" name="homeloan" duration-ms="2" started-at="2020-12-03T18:29:59Z" finished-at="2020-12-03T18:29:59Z">
          <reporter-output>
          </reporter-output>
        </test-method> <!-- homeloan -->
      </class> <!-- test.Day2 -->
      <class name="test.Day3">
        <test-method status="PASS" signature="homeloan()[pri:0, instance:test.Day3@5f375618]" name="homeloan" duration-ms="2" started-at="2020-12-03T18:29:59Z" finished-at="2020-12-03T18:29:59Z">
          <reporter-output>
          </reporter-output>
        </test-method> <!-- homeloan -->
        <test-method status="PASS" signature="moneyLoan()[pri:0, instance:test.Day3@5f375618]" name="moneyLoan" duration-ms="2" started-at="2020-12-03T18:29:59Z" finished-at="2020-12-03T18:29:59Z">
          <reporter-output>
          </reporter-output>
        </test-method> <!-- moneyLoan -->
      </class> <!-- test.Day3 -->
    </test> <!-- Car Loan -->
  </suite> <!-- Department Loan -->
</testng-results>
