<?xml version="1.0" encoding="UTF-8"?>
<testng-results skipped="0" failed="0" ignored="0" total="6" passed="6">
  <reporter-output>
  </reporter-output>
  <suite name="Command line suite" duration-ms="69" started-at="2020-12-21T15:37:21 IST" finished-at="2020-12-21T15:37:22 IST">
    <groups>
    </groups>
    <test name="Command line test" duration-ms="69" started-at="2020-12-21T15:37:21 IST" finished-at="2020-12-21T15:37:22 IST">
      <class name="qaclickacademy.AppiumTest">
        <test-method status="PASS" signature="IOSApps()[pri:0, instance:qaclickacademy.AppiumTest@627551fb]" name="IOSApps" duration-ms="7" started-at="2020-12-21T15:37:21 IST" finished-at="2020-12-21T15:37:22 IST">
          <reporter-output>
          </reporter-output>
        </test-method> <!-- IOSApps -->
        <test-method status="PASS" signature="NativeAPpAndroid()[pri:0, instance:qaclickacademy.AppiumTest@627551fb]" name="NativeAPpAndroid" duration-ms="0" started-at="2020-12-21T15:37:22 IST" finished-at="2020-12-21T15:37:22 IST">
          <reporter-output>
          </reporter-output>
        </test-method> <!-- NativeAPpAndroid -->
      </class> <!-- qaclickacademy.AppiumTest -->
      <class name="qaclickacademy.RESTAPITest">
        <test-method status="PASS" signature="deleteTwitter()[pri:0, instance:qaclickacademy.RESTAPITest@2b552920]" name="deleteTwitter" duration-ms="0" started-at="2020-12-21T15:37:22 IST" finished-at="2020-12-21T15:37:22 IST">
          <reporter-output>
          </reporter-output>
        </test-method> <!-- deleteTwitter -->
        <test-method status="PASS" signature="postJira()[pri:0, instance:qaclickacademy.RESTAPITest@2b552920]" name="postJira" duration-ms="1" started-at="2020-12-21T15:37:22 IST" finished-at="2020-12-21T15:37:22 IST">
          <reporter-output>
          </reporter-output>
        </test-method> <!-- postJira -->
      </class> <!-- qaclickacademy.RESTAPITest -->
      <class name="qaclickacademy.SeleniumTest">
        <test-method status="PASS" signature="BrowserAUtomation()[pri:0, instance:qaclickacademy.SeleniumTest@2758fe70]" name="BrowserAUtomation" duration-ms="1" started-at="2020-12-21T15:37:22 IST" finished-at="2020-12-21T15:37:22 IST">
          <reporter-output>
          </reporter-output>
        </test-method> <!-- BrowserAUtomation -->
        <test-method status="PASS" signature="elementsUi()[pri:0, instance:qaclickacademy.SeleniumTest@2758fe70]" name="elementsUi" duration-ms="2" started-at="2020-12-21T15:37:22 IST" finished-at="2020-12-21T15:37:22 IST">
          <reporter-output>
          </reporter-output>
        </test-method> <!-- elementsUi -->
      </class> <!-- qaclickacademy.SeleniumTest -->
    </test> <!-- Command line test -->
  </suite> <!-- Command line suite -->
</testng-results>
