<?xml version="1.0" encoding="UTF-8"?>
<!-- Generated by org.testng.reporters.JUnitXMLReporter -->
<testsuite hostname="DESKTOP-D26R0D6" name="Test" tests="3" failures="0" timestamp="9 Dec 2020 09:56:34 GMT" time="0.039" errors="0">
  <testcase name="firstTest" time="0.014" classname="qaclickacademy.mavenproject.RestapiTest"/>
  <testcase name="firstTest" time="0.002" classname="qaclickacademy.mavenproject.AppiumTest"/>
  <testcase name="firstTest" time="0.001" classname="qaclickacademy.mavenproject.Seleniumtest"/>
</testsuite> <!-- Test -->
