<?xml version="1.0" encoding="UTF-8"?>
<!-- Generated by org.testng.reporters.JUnitXMLReporter -->
<testsuite hostname="DESKTOP-D26R0D6" name="Car Loan" tests="4" failures="0" timestamp="3 Dec 2020 12:59:59 GMT" time="0.054" errors="0">
  <testcase name="bikeloan" time="0.012" classname="test.Day1"/>
  <testcase name="homeloan" time="0.002" classname="test.Day2"/>
  <testcase name="homeloan" time="0.002" classname="test.Day3"/>
  <testcase name="moneyLoan" time="0.002" classname="test.Day3"/>
</testsuite> <!-- Car Loan -->
