<?xml version="1.0" encoding="UTF-8"?>
<!-- Generated by org.testng.reporters.JUnitXMLReporter -->
<testsuite hostname="DESKTOP-D26R0D6" name="Default test" tests="4" failures="0" timestamp="2 Dec 2020 06:00:56 GMT" time="0.148" errors="0">
  <testcase name="usingstream" time="0.106" classname="Javastream.JavaStreamConcepts"/>
  <testcase name="usingmap" time="0.006" classname="Javastream.JavaStreamConcepts"/>
  <testcase name="filterextended" time="0.004" classname="Javastream.JavaStreamConcepts"/>
  <testcase name="streamcollect" time="0.008" classname="Javastream.JavaStreamConcepts"/>
</testsuite> <!-- Default test -->
