<?xml version="1.0" encoding="UTF-8"?>
<!-- Generated by org.testng.reporters.JUnitXMLReporter -->
<testsuite hostname="DESKTOP-D26R0D6" name="Default test" tests="3" failures="0" timestamp="7 Dec 2020 09:48:43 GMT" time="0.046" errors="0">
  <testcase name="firstTest" time="0.014" classname="qaclickacademy.mavenproject.Seleniumtest"/>
  <testcase name="firstTest" time="0.002" classname="qaclickacademy.mavenproject.AppiumTest"/>
  <testcase name="firstTest" time="0.004" classname="qaclickacademy.mavenproject.RestapiTest"/>
</testsuite> <!-- Default test -->
