<?xml version="1.0" encoding="UTF-8"?>
<testng-results skipped="0" failed="0" ignored="0" total="1" passed="1">
  <reporter-output>
  </reporter-output>
  <suite name="Default suite" duration-ms="6860" started-at="2020-12-10T05:47:45Z" finished-at="2020-12-10T05:47:52Z">
    <groups>
    </groups>
    <test name="Default test" duration-ms="6860" started-at="2020-12-10T05:47:45Z" finished-at="2020-12-10T05:47:52Z">
      <class name="rahulshettyacademy.Extentreports.ExtentReportDemo">
        <test-method status="PASS" signature="config()[pri:0, instance:rahulshettyacademy.Extentreports.ExtentReportDemo@4566e5bd]" name="config" is-config="true" duration-ms="289" started-at="2020-12-10T11:17:45Z" finished-at="2020-12-10T11:17:45Z">
          <reporter-output>
          </reporter-output>
        </test-method> <!-- config -->
        <test-method status="PASS" signature="initialDemo()[pri:0, instance:rahulshettyacademy.Extentreports.ExtentReportDemo@4566e5bd]" name="initialDemo" duration-ms="6531" started-at="2020-12-10T11:17:45Z" finished-at="2020-12-10T11:17:52Z">
          <reporter-output>
          </reporter-output>
        </test-method> <!-- initialDemo -->
      </class> <!-- rahulshettyacademy.Extentreports.ExtentReportDemo -->
    </test> <!-- Default test -->
  </suite> <!-- Default suite -->
</testng-results>
