<?xml version="1.0" encoding="UTF-8"?>
<!-- Generated by org.testng.reporters.JUnitXMLReporter -->
<testsuite hostname="DESKTOP-D26R0D6" ignored="0" name="Test" tests="1" failures="1" timestamp="09 Dec 2020 12:50:12 GMT" time="0.346" errors="0">
  <testcase name="initialDemo" time="0.007" classname="rahulshettyacademy.Extentreports.ExtentReportDemo">
    <failure type="java.lang.NullPointerException">
      <![CDATA[java.lang.NullPointerException
	at rahulshettyacademy.Extentreports.ExtentReportDemo.initialDemo(ExtentReportDemo.java:56)
... Removed 25 stack frames]]>
    </failure>
  </testcase> <!-- initialDemo -->
</testsuite> <!-- Test -->
