<?xml version="1.0" encoding="UTF-8"?>
<!-- Generated by org.testng.reporters.JUnitXMLReporter -->
<testsuite hostname="DESKTOP-D26R0D6" ignored="2" name="Car Loan" tests="5" failures="0" timestamp="04 Dec 2020 05:47:58 GMT" time="0.106" errors="0">
  <testcase name="MobileLogincarLoan" time="0.024" classname="test.day3"/>
  <testcase name="MobilesignoutcarLoan" time="0.013" classname="test.day3"/>
  <testcase name="MobilesignoutcarLoan" time="0.001" classname="test.day3"/>
  <testcase name="MobilesignoutcarLoan" time="0.001" classname="test.day3"/>
  <testcase name="WebloginCarLoan" time="0.001" classname="test.day3"/>
  <testcase name="APIcarLoan" time="0.0" classname="test.day3">
    <ignored/>
  </testcase> <!-- APIcarLoan -->
  <testcase name="MobilesignimcarLoan" time="0.0" classname="test.day3">
    <ignored/>
  </testcase> <!-- MobilesignimcarLoan -->
</testsuite> <!-- Car Loan -->
