<?xml version="1.0" encoding="UTF-8"?>
<!-- Generated by org.testng.reporters.JUnitXMLReporter -->
<testsuite hostname="DESKTOP-D26R0D6" ignored="0" name="Validating User login" tests="2" failures="2" timestamp="17 Dec 2020 12:37:47 GMT" time="14.196" errors="0">
  <testcase name="basePageNavigation" time="6.227" classname="Academy.HomePage">
    <failure type="java.lang.AssertionError" message="expected [hello] but found [hi]">
      <![CDATA[java.lang.AssertionError: expected [hello] but found [hi]
	at Academy.HomePage.basePageNavigation(HomePage.java:52)
... Removed 31 stack frames]]>
    </failure>
  </testcase> <!-- basePageNavigation -->
  <testcase name="basePageNavigation" time="2.796" classname="Academy.HomePage">
    <failure type="java.lang.AssertionError" message="expected [hello] but found [hi]">
      <![CDATA[java.lang.AssertionError: expected [hello] but found [hi]
	at Academy.HomePage.basePageNavigation(HomePage.java:52)
... Removed 31 stack frames]]>
    </failure>
  </testcase> <!-- basePageNavigation -->
</testsuite> <!-- Validating User login -->
