<?xml version="1.0" encoding="UTF-8"?>
<!-- Generated by org.testng.reporters.JUnitXMLReporter -->
<testsuite hostname="DESKTOP-D26R0D6" ignored="0" name="Validating title in the Page" tests="1" failures="1" timestamp="17 Dec 2020 12:37:58 GMT" time="10.498" errors="0">
  <testcase name="validateAppTitle" time="0.041" classname="Academy.validateTitle">
    <failure type="java.lang.AssertionError" message="expected [FEATURED COUrSES] but found [FEATURED COURSES]">
      <![CDATA[java.lang.AssertionError: expected [FEATURED COUrSES] but found [FEATURED COURSES]
	at Academy.validateTitle.validateAppTitle(validateTitle.java:43)
... Removed 31 stack frames]]>
    </failure>
  </testcase> <!-- validateAppTitle -->
</testsuite> <!-- Validating title in the Page -->
