<?xml version="1.0" encoding="UTF-8"?>
<testng-results skipped="0" failed="0" total="1" passed="1">
  <reporter-output>
  </reporter-output>
  <suite name="Default suite" duration-ms="6067" started-at="2020-12-11T10:50:31Z" finished-at="2020-12-11T10:50:37Z">
    <groups>
    </groups>
    <test name="Default test" duration-ms="6067" started-at="2020-12-11T10:50:31Z" finished-at="2020-12-11T10:50:37Z">
      <class name="Testcasesdemo.Testcase">
        <test-method status="PASS" signature="login()[pri:0, instance:Testcasesdemo.Testcase@2cb4c3ab]" name="login" duration-ms="6049" started-at="2020-12-11T16:20:31Z" finished-at="2020-12-11T16:20:37Z">
          <reporter-output>
          </reporter-output>
        </test-method> <!-- login -->
      </class> <!-- Testcasesdemo.Testcase -->
    </test> <!-- Default test -->
  </suite> <!-- Default suite -->
</testng-results>
