<?xml version="1.0" encoding="UTF-8"?>
<!-- Generated by org.testng.reporters.JUnitXMLReporter -->
<testsuite hostname="DESKTOP-D26R0D6" ignored="2" name="Records" tests="5" failures="0" timestamp="04 Dec 2020 10:27:22 GMT" time="0.068" errors="0">
  <testcase name="boAligned" time="0.009" classname="Practise.day2"/>
  <testcase name="boAligned" time="0.002" classname="Practise.day2"/>
  <testcase name="boAligned" time="0.001" classname="Practise.day2"/>
  <testcase name="bookedBooks" time="0.007" classname="Practise.day2"/>
  <testcase name="booksAligned" time="0.002" classname="Practise.day2"/>
  <testcase name="libraryBook" time="0.0" classname="Practise.day2">
    <ignored/>
  </testcase> <!-- libraryBook -->
  <testcase name="libraryStaff" time="0.0" classname="Practise.day2">
    <ignored/>
  </testcase> <!-- libraryStaff -->
</testsuite> <!-- Records -->
